mode: set
reef-na/internal/http/middleware/logger.go:16.40,17.23 1 0
reef-na/internal/http/middleware/logger.go:17.23,18.27 1 0
reef-na/internal/http/middleware/logger.go:18.27,20.4 1 0
reef-na/internal/http/middleware/logger.go:24.69,26.29 2 0
reef-na/internal/http/middleware/logger.go:26.29,28.3 1 0
reef-na/internal/http/middleware/logger.go:29.2,29.46 1 0
reef-na/internal/http/middleware/logger.go:29.46,30.72 1 0
reef-na/internal/http/middleware/logger.go:30.72,31.40 1 0
reef-na/internal/http/middleware/logger.go:31.40,34.5 2 0
reef-na/internal/http/middleware/logger.go:35.4,39.101 5 0
reef-na/internal/http/middleware/logger.go:49.38,52.2 2 0
reef-na/internal/http/middleware/logger.go:55.61,56.21 1 0
reef-na/internal/http/middleware/logger.go:56.21,57.33 1 0
reef-na/internal/http/middleware/logger.go:57.33,59.4 1 0
reef-na/internal/http/middleware/logger.go:61.2,61.14 1 0
reef-na/internal/featureflags/featureflags.go:35.46,37.16 2 0
reef-na/internal/featureflags/featureflags.go:37.16,39.3 1 0
reef-na/internal/featureflags/featureflags.go:40.2,41.13 2 0
reef-na/internal/featureflags/featureflags.go:41.13,43.3 1 0
reef-na/internal/featureflags/featureflags.go:45.2,45.31 1 0
reef-na/internal/featureflags/featureflags.go:45.31,50.57 2 0
reef-na/internal/featureflags/featureflags.go:50.57,52.4 1 0
reef-na/internal/featureflags/featureflags.go:53.3,53.23 1 0
reef-na/internal/featureflags/featureflags.go:53.23,55.4 1 0
reef-na/internal/featureflags/featureflags.go:56.3,56.20 1 0
reef-na/internal/featureflags/featureflags.go:56.20,58.4 1 0
reef-na/internal/featureflags/featureflags.go:59.3,59.54 1 0
reef-na/internal/featureflags/featureflags.go:62.2,62.15 1 0
reef-na/internal/featureflags/featureflags.go:67.53,68.18 1 0
reef-na/internal/featureflags/featureflags.go:68.18,70.3 1 0
reef-na/internal/featureflags/featureflags.go:71.2,72.16 2 0
reef-na/internal/featureflags/featureflags.go:72.16,76.3 2 0
reef-na/internal/featureflags/featureflags.go:79.2,86.14 4 0
reef-na/internal/featureflags/featureflags.go:86.14,88.3 1 0
reef-na/internal/featureflags/featureflags.go:89.2,92.57 2 0
reef-na/internal/featureflags/featureflags.go:92.57,95.3 1 0
reef-na/internal/featureflags/featureflags.go:96.2,96.12 1 0
reef-na/internal/featureflags/featureflags.go:100.22,100.38 1 0
reef-na/internal/featureflags/featureflags.go:103.17,104.16 1 0
reef-na/internal/featureflags/featureflags.go:104.16,106.3 1 0
reef-na/internal/featureflags/featureflags.go:107.2,107.18 1 0
reef-na/main.go:35.13,39.51 3 0
reef-na/main.go:39.51,41.3 1 0
reef-na/main.go:41.8,45.3 1 0
reef-na/main.go:46.2,52.12 4 0
reef-na/main.go:52.12,54.7 2 0
reef-na/main.go:54.7,57.19 3 0
reef-na/main.go:57.19,61.5 3 0
reef-na/main.go:66.2,69.54 2 0
reef-na/main.go:69.54,70.72 1 0
reef-na/main.go:70.72,72.57 1 0
reef-na/main.go:72.57,75.5 2 0
reef-na/main.go:77.4,77.52 1 0
reef-na/main.go:77.52,80.5 2 0
reef-na/main.go:81.4,81.24 1 0
reef-na/main.go:84.2,90.71 3 0
reef-na/main.go:90.71,93.3 2 0
reef-na/main.go:95.2,95.70 1 0
reef-na/main.go:95.70,98.3 2 0
reef-na/main.go:101.2,101.71 1 0
reef-na/main.go:101.71,108.3 3 0
reef-na/main.go:111.2,111.79 1 0
reef-na/main.go:111.79,113.20 2 0
reef-na/main.go:113.20,115.4 1 0
reef-na/main.go:117.3,121.17 3 0
reef-na/main.go:121.17,129.4 2 0
reef-na/main.go:132.3,164.61 4 0
reef-na/main.go:164.61,166.4 1 0
reef-na/main.go:169.2,175.31 3 0
reef-na/internal/logger/logger.go:22.25,26.2 3 1
reef-na/internal/logger/logger.go:29.29,30.15 1 1
reef-na/internal/logger/logger.go:31.15,32.30 1 1
reef-na/internal/logger/logger.go:33.14,34.29 1 1
reef-na/internal/logger/logger.go:35.15,36.30 1 1
reef-na/internal/logger/logger.go:37.10,38.29 1 1
reef-na/internal/logger/logger.go:43.24,44.31 1 1
reef-na/internal/logger/logger.go:45.13,46.17 1 1
reef-na/internal/logger/logger.go:47.12,48.16 1 1
reef-na/internal/logger/logger.go:49.13,50.17 1 1
reef-na/internal/logger/logger.go:51.10,52.16 1 1
reef-na/internal/logger/logger.go:56.18,56.60 1 1
reef-na/internal/logger/logger.go:58.41,59.36 1 1
reef-na/internal/logger/logger.go:59.36,61.3 1 1
reef-na/internal/logger/logger.go:63.40,64.35 1 1
reef-na/internal/logger/logger.go:64.35,66.3 1 1
reef-na/internal/logger/logger.go:68.40,69.35 1 1
reef-na/internal/logger/logger.go:69.35,71.3 1 1
reef-na/internal/logger/logger.go:73.41,74.36 1 1
reef-na/internal/logger/logger.go:74.36,76.3 1 1
reef-na/internal/feeds/weather.go:68.57,71.9 2 0
reef-na/internal/feeds/weather.go:71.9,74.3 1 0
reef-na/internal/feeds/weather.go:77.2,89.16 4 0
reef-na/internal/feeds/weather.go:89.16,91.3 1 0
reef-na/internal/feeds/weather.go:92.2,94.38 2 0
reef-na/internal/feeds/weather.go:94.38,96.3 1 0
reef-na/internal/feeds/weather.go:99.2,100.68 2 0
reef-na/internal/feeds/weather.go:100.68,102.3 1 0
reef-na/internal/feeds/weather.go:105.2,106.9 2 0
reef-na/internal/feeds/weather.go:106.9,108.3 1 0
reef-na/internal/feeds/weather.go:110.2,114.8 1 0
